{"/Users/aiftekhar/Desktop/quickjudgement/quick-judgment-app/frontend/src/components/Card.js": {"path":"/Users/aiftekhar/Desktop/quickjudgement/quick-judgment-app/frontend/src/components/Card.js","statementMap":{"0":{"start":{"line":6,"column":2},"end":{"line":12,"column":4}},"1":{"start":{"line":15,"column":0},"end":{"line":19,"column":2}},"2":{"start":{"line":23,"column":15},"end":{"line":37,"column":2}}},"fnMap":{"0":{"name":"Card","decl":{"start":{"line":5,"column":9},"end":{"line":5,"column":13}},"loc":{"start":{"line":5,"column":44},"end":{"line":13,"column":1}},"line":5}},"branchMap":{"0":{"loc":{"start":{"line":5,"column":16},"end":{"line":5,"column":40}},"type":"default-arg","locations":[{"start":{"line":5,"column":23},"end":{"line":5,"column":40}}],"line":5}},"s":{"0":5,"1":1,"2":1},"f":{"0":5},"b":{"0":[1]},"_coverageSchema":"1a1c01bbd47fc00a2c39e90264f33305004495a9","hash":"6d6c06fcae87a84f72c0b1a3893a3f1c2d52bf0b"}
,"/Users/aiftekhar/Desktop/quickjudgement/quick-judgment-app/frontend/src/components/SwipeCard.js": {"path":"/Users/aiftekhar/Desktop/quickjudgement/quick-judgment-app/frontend/src/components/SwipeCard.js","statementMap":{"0":{"start":{"line":5,"column":21},"end":{"line":5,"column":51}},"1":{"start":{"line":6,"column":24},"end":{"line":6,"column":43}},"2":{"start":{"line":7,"column":27},"end":{"line":7,"column":30}},"3":{"start":{"line":9,"column":25},"end":{"line":69,"column":1}},"4":{"start":{"line":10,"column":19},"end":{"line":10,"column":41}},"5":{"start":{"line":12,"column":23},"end":{"line":26,"column":4}},"6":{"start":{"line":13,"column":40},"end":{"line":13,"column":44}},"7":{"start":{"line":15,"column":6},"end":{"line":15,"column":58}},"8":{"start":{"line":18,"column":6},"end":{"line":24,"column":7}},"9":{"start":{"line":19,"column":8},"end":{"line":19,"column":28}},"10":{"start":{"line":20,"column":13},"end":{"line":24,"column":7}},"11":{"start":{"line":21,"column":8},"end":{"line":21,"column":27}},"12":{"start":{"line":23,"column":8},"end":{"line":23,"column":24}},"13":{"start":{"line":28,"column":21},"end":{"line":35,"column":3}},"14":{"start":{"line":29,"column":14},"end":{"line":29,"column":66}},"15":{"start":{"line":30,"column":4},"end":{"line":34,"column":47}},"16":{"start":{"line":34,"column":19},"end":{"line":34,"column":45}},"17":{"start":{"line":37,"column":26},"end":{"line":40,"column":3}},"18":{"start":{"line":38,"column":4},"end":{"line":38,"column":59}},"19":{"start":{"line":39,"column":4},"end":{"line":39,"column":38}},"20":{"start":{"line":42,"column":24},"end":{"line":47,"column":3}},"21":{"start":{"line":43,"column":4},"end":{"line":46,"column":15}},"22":{"start":{"line":49,"column":23},"end":{"line":59,"column":3}},"23":{"start":{"line":50,"column":19},"end":{"line":53,"column":6}},"24":{"start":{"line":55,"column":4},"end":{"line":58,"column":6}},"25":{"start":{"line":61,"column":2},"end":{"line":68,"column":4}},"26":{"start":{"line":71,"column":15},"end":{"line":78,"column":2}}},"fnMap":{"0":{"name":"(anonymous_0)","decl":{"start":{"line":9,"column":25},"end":{"line":9,"column":26}},"loc":{"start":{"line":9,"column":66},"end":{"line":69,"column":1}},"line":9},"1":{"name":"(anonymous_1)","decl":{"start":{"line":13,"column":34},"end":{"line":13,"column":35}},"loc":{"start":{"line":13,"column":40},"end":{"line":13,"column":44}},"line":13},"2":{"name":"(anonymous_2)","decl":{"start":{"line":14,"column":24},"end":{"line":14,"column":25}},"loc":{"start":{"line":14,"column":40},"end":{"line":16,"column":5}},"line":14},"3":{"name":"(anonymous_3)","decl":{"start":{"line":17,"column":27},"end":{"line":17,"column":28}},"loc":{"start":{"line":17,"column":43},"end":{"line":25,"column":5}},"line":17},"4":{"name":"(anonymous_4)","decl":{"start":{"line":28,"column":21},"end":{"line":28,"column":22}},"loc":{"start":{"line":28,"column":36},"end":{"line":35,"column":3}},"line":28},"5":{"name":"(anonymous_5)","decl":{"start":{"line":34,"column":13},"end":{"line":34,"column":14}},"loc":{"start":{"line":34,"column":19},"end":{"line":34,"column":45}},"line":34},"6":{"name":"(anonymous_6)","decl":{"start":{"line":37,"column":26},"end":{"line":37,"column":27}},"loc":{"start":{"line":37,"column":41},"end":{"line":40,"column":3}},"line":37},"7":{"name":"(anonymous_7)","decl":{"start":{"line":42,"column":24},"end":{"line":42,"column":25}},"loc":{"start":{"line":42,"column":30},"end":{"line":47,"column":3}},"line":42},"8":{"name":"(anonymous_8)","decl":{"start":{"line":49,"column":23},"end":{"line":49,"column":24}},"loc":{"start":{"line":49,"column":29},"end":{"line":59,"column":3}},"line":49}},"branchMap":{"0":{"loc":{"start":{"line":18,"column":6},"end":{"line":24,"column":7}},"type":"if","locations":[{"start":{"line":18,"column":6},"end":{"line":24,"column":7}},{"start":{"line":20,"column":13},"end":{"line":24,"column":7}}],"line":18},"1":{"loc":{"start":{"line":20,"column":13},"end":{"line":24,"column":7}},"type":"if","locations":[{"start":{"line":20,"column":13},"end":{"line":24,"column":7}},{"start":{"line":22,"column":13},"end":{"line":24,"column":7}}],"line":20},"2":{"loc":{"start":{"line":29,"column":14},"end":{"line":29,"column":66}},"type":"cond-expr","locations":[{"start":{"line":29,"column":38},"end":{"line":29,"column":50}},{"start":{"line":29,"column":53},"end":{"line":29,"column":66}}],"line":29},"3":{"loc":{"start":{"line":38,"column":4},"end":{"line":38,"column":58}},"type":"cond-expr","locations":[{"start":{"line":38,"column":28},"end":{"line":38,"column":42}},{"start":{"line":38,"column":45},"end":{"line":38,"column":58}}],"line":38}},"s":{"0":1,"1":1,"2":1,"3":1,"4":9,"5":9,"6":1,"7":1,"8":3,"9":1,"10":2,"11":1,"12":1,"13":9,"14":2,"15":2,"16":2,"17":9,"18":2,"19":2,"20":9,"21":1,"22":9,"23":9,"24":9,"25":9,"26":1},"f":{"0":9,"1":1,"2":1,"3":3,"4":2,"5":2,"6":2,"7":1,"8":9},"b":{"0":[1,2],"1":[1,1],"2":[1,1],"3":[1,1]},"_coverageSchema":"1a1c01bbd47fc00a2c39e90264f33305004495a9","hash":"95bcd5d35a25106ffb5072cf466b7ce687c1fb48"}
}
