TN:
SF:src/components/Card.js
FN:5,Card
FNF:1
FNH:1
FNDA:5,Card
DA:6,5
DA:15,1
DA:23,1
LF:3
LH:3
BRDA:5,0,0,1
BRF:1
BRH:1
end_of_record
TN:
SF:src/components/SwipeCard.js
FN:9,(anonymous_0)
FN:13,(anonymous_1)
FN:14,(anonymous_2)
FN:17,(anonymous_3)
FN:28,(anonymous_4)
FN:34,(anonymous_5)
FN:37,(anonymous_6)
FN:42,(anonymous_7)
FN:49,(anonymous_8)
FNF:9
FNH:9
FNDA:9,(anonymous_0)
FNDA:1,(anonymous_1)
FNDA:1,(anonymous_2)
FNDA:3,(anonymous_3)
FNDA:2,(anonymous_4)
FNDA:2,(anonymous_5)
FNDA:2,(anonymous_6)
FNDA:1,(anonymous_7)
FNDA:9,(anonymous_8)
DA:5,1
DA:6,1
DA:7,1
DA:9,1
DA:10,9
DA:12,9
DA:13,1
DA:15,1
DA:18,3
DA:19,1
DA:20,2
DA:21,1
DA:23,1
DA:28,9
DA:29,2
DA:30,2
DA:34,2
DA:37,9
DA:38,2
DA:39,2
DA:42,9
DA:43,1
DA:49,9
DA:50,9
DA:55,9
DA:61,9
DA:71,1
LF:27
LH:27
BRDA:18,0,0,1
BRDA:18,0,1,2
BRDA:20,1,0,1
BRDA:20,1,1,1
BRDA:29,2,0,1
BRDA:29,2,1,1
BRDA:38,3,0,1
BRDA:38,3,1,1
BRF:8
BRH:8
end_of_record
